0 verbose cli /opt/homebrew/Cellar/node/26.3.0/bin/node /opt/homebrew/lib/node_modules/npm/bin/npm-cli.js
1 info using npm@11.16.0
2 info using node@v26.3.0
3 silly config load:file:/opt/homebrew/lib/node_modules/npm/npmrc
4 silly config load:file:/Users/mac/.npmrc
5 silly config load:file:/opt/homebrew/etc/npmrc
6 verbose title npm exec create-next-app@latest web --typescript --tailwind --eslint --app --src-dir --import-alias @/* --yes
7 verbose argv "exec" "--yes" "--" "create-next-app@latest" "web" "--typescript" "--tailwind" "--eslint" "--app" "--src-dir" "--import-alias" "@/*" "--yes"
8 verbose logfile logs-max:10 dir:/Users/mac/Documents/Hoc cung An Nhien/.npm/_logs/2026-06-21T17_38_29_434Z-
9 verbose logfile /Users/mac/Documents/Hoc cung An Nhien/.npm/_logs/2026-06-21T17_38_29_434Z-debug-0.log
10 silly logfile done cleaning log files
11 silly packumentCache heap:4395630592 maxSize:1098907648 maxEntrySize:549453824
12 http fetch GET https://registry.npmjs.org/create-next-app attempt 1 failed with ENOTFOUND
13 http fetch GET https://registry.npmjs.org/create-next-app attempt 2 failed with ENOTFOUND
14 http fetch GET https://registry.npmjs.org/create-next-app attempt 3 failed with ENOTFOUND
15 verbose type system
16 verbose stack FetchError: request to https://registry.npmjs.org/create-next-app failed, reason: getaddrinfo ENOTFOUND registry.npmjs.org
16 verbose stack     at ClientRequest.<anonymous> (/opt/homebrew/lib/node_modules/npm/node_modules/minipass-fetch/lib/index.js:130:14)
16 verbose stack     at ClientRequest.emit (node:events:509:20)
16 verbose stack     at emitErrorEvent (node:_http_client:111:11)
16 verbose stack     at _destroy (node:_http_client:1006:9)
16 verbose stack     at onSocketNT (node:_http_client:1027:5)
16 verbose stack     at process.processTicksAndRejections (node:internal/process/task_queues:91:21)
17 error code ENOTFOUND
18 error syscall getaddrinfo
19 error errno ENOTFOUND
20 error network request to https://registry.npmjs.org/create-next-app failed, reason: getaddrinfo ENOTFOUND registry.npmjs.org
21 error network This is a problem related to network connectivity.
21 error network In most cases you are behind a proxy or have bad network settings.
21 error network
21 error network If you are behind a proxy, please make sure that the 'proxy' config is set properly.  See: 'npm help config'
22 verbose cwd /Users/mac/Documents/Hoc cung An Nhien
23 verbose os Darwin 24.2.0
24 verbose node v26.3.0
25 verbose npm  v11.16.0
26 verbose exit 1
27 verbose code 1
28 error A complete log of this run can be found in: /Users/mac/Documents/Hoc cung An Nhien/.npm/_logs/2026-06-21T17_38_29_434Z-debug-0.log
